Library/Bee/Android/Prj/IL2CPP/Gradle/launcher/build/intermediates/manifest_merge_blame_file/release/processReleaseMainManifest/manifest-merger-blame-release-report.txt
1<?xml version="1.0" encoding="utf-8"?>
2<manifest xmlns:android="http://schemas.android.com/apk/res/android"
3    package="com.DefaultCompany.Myproject"
4    android:installLocation="preferExternal"
5    android:versionCode="1"
6    android:versionName="1.0" >
7
8    <uses-sdk
9        android:minSdkVersion="25"
10        android:targetSdkVersion="36" />
11
12    <supports-screens
12-->src/main/AndroidManifest.xml:4:3-163
13        android:anyDensity="true"
13-->src/main/AndroidManifest.xml:4:135-160
14        android:largeScreens="true"
14-->src/main/AndroidManifest.xml:4:78-105
15        android:normalScreens="true"
15-->src/main/AndroidManifest.xml:4:49-77
16        android:smallScreens="true"
16-->src/main/AndroidManifest.xml:4:21-48
17        android:xlargeScreens="true" />
17-->src/main/AndroidManifest.xml:4:106-134
18
19    <uses-permission android:name="android.permission.INTERNET" />
19-->[:unityLibrary] AndroidManifest.xml:8:5-67
19-->[:unityLibrary] AndroidManifest.xml:8:22-64
20
21    <uses-feature android:glEsVersion="0x00030000" />
21-->[:unityLibrary] AndroidManifest.xml:10:5-54
21-->[:unityLibrary] AndroidManifest.xml:10:19-51
22    <uses-feature
22-->[:unityLibrary] AndroidManifest.xml:11:5-13:36
23        android:name="android.hardware.vulkan.version"
23-->[:unityLibrary] AndroidManifest.xml:12:9-55
24        android:required="false" />
24-->[:unityLibrary] AndroidManifest.xml:13:9-33
25    <uses-feature
25-->[:unityLibrary] AndroidManifest.xml:14:5-16:36
26        android:name="android.hardware.touchscreen"
26-->[:unityLibrary] AndroidManifest.xml:15:9-52
27        android:required="false" />
27-->[:unityLibrary] AndroidManifest.xml:16:9-33
28    <uses-feature
28-->[:unityLibrary] AndroidManifest.xml:17:5-19:36
29        android:name="android.hardware.touchscreen.multitouch"
29-->[:unityLibrary] AndroidManifest.xml:18:9-63
30        android:required="false" />
30-->[:unityLibrary] AndroidManifest.xml:19:9-33
31    <uses-feature
31-->[:unityLibrary] AndroidManifest.xml:20:5-22:36
32        android:name="android.hardware.touchscreen.multitouch.distinct"
32-->[:unityLibrary] AndroidManifest.xml:21:9-72
33        android:required="false" />
33-->[:unityLibrary] AndroidManifest.xml:22:9-33
34
35    <uses-permission android:name="com.android.vending.BILLING" />
35-->[com.android.billingclient:billing:8.0.0] AndroidManifest.xml:10:5-67
35-->[com.android.billingclient:billing:8.0.0] AndroidManifest.xml:10:22-64
36
37    <queries>
37-->[com.android.billingclient:billing:8.0.0] AndroidManifest.xml:12:5-19:15
38        <intent>
38-->[com.android.billingclient:billing:8.0.0] AndroidManifest.xml:13:9-15:18
39            <action android:name="com.android.vending.billing.InAppBillingService.BIND" />
39-->[com.android.billingclient:billing:8.0.0] AndroidManifest.xml:14:13-91
39-->[com.android.billingclient:billing:8.0.0] AndroidManifest.xml:14:21-88
40        </intent>
41        <intent>
41-->[com.android.billingclient:billing:8.0.0] AndroidManifest.xml:16:9-18:18
42            <action android:name="com.google.android.apps.play.billingtestcompanion.BillingOverrideService.BIND" />
42-->[com.android.billingclient:billing:8.0.0] AndroidManifest.xml:17:13-116
42-->[com.android.billingclient:billing:8.0.0] AndroidManifest.xml:17:21-113
43        </intent>
44    </queries>
45
46    <permission
46-->[androidx.core:core:1.9.0] AndroidManifest.xml:22:5-24:47
47        android:name="com.DefaultCompany.Myproject.DYNAMIC_RECEIVER_NOT_EXPORTED_PERMISSION"
47-->[androidx.core:core:1.9.0] AndroidManifest.xml:23:9-81
48        android:protectionLevel="signature" />
48-->[androidx.core:core:1.9.0] AndroidManifest.xml:24:9-44
49
50    <uses-permission android:name="com.DefaultCompany.Myproject.DYNAMIC_RECEIVER_NOT_EXPORTED_PERMISSION" /> <!-- Although the *SdkVersion is captured in gradle build files, this is required for non gradle builds -->
50-->[androidx.core:core:1.9.0] AndroidManifest.xml:26:5-97
50-->[androidx.core:core:1.9.0] AndroidManifest.xml:26:22-94
51    <!-- <uses-sdk android:minSdkVersion="14"/> -->
52    <uses-permission android:name="android.permission.ACCESS_NETWORK_STATE" />
52-->[com.google.android.datatransport:transport-backend-cct:3.1.8] AndroidManifest.xml:24:5-79
52-->[com.google.android.datatransport:transport-backend-cct:3.1.8] AndroidManifest.xml:24:22-76
53
54    <application
54-->src/main/AndroidManifest.xml:3:3-83
55        android:appCategory="game"
55-->[:unityLibrary] AndroidManifest.xml:25:9-35
56        android:appComponentFactory="androidx.core.app.CoreComponentFactory"
56-->[androidx.core:core:1.9.0] AndroidManifest.xml:28:18-86
57        android:enableOnBackInvokedCallback="false"
57-->[:unityLibrary] AndroidManifest.xml:26:9-52
58        android:extractNativeLibs="true"
59        android:icon="@mipmap/app_icon"
59-->src/main/AndroidManifest.xml:3:16-47
60        android:label="@string/app_name" >
60-->src/main/AndroidManifest.xml:3:48-80
61        <meta-data
61-->[:unityLibrary] AndroidManifest.xml:28:9-30:33
62            android:name="unity.splash-mode"
62-->[:unityLibrary] AndroidManifest.xml:29:13-45
63            android:value="0" />
63-->[:unityLibrary] AndroidManifest.xml:30:13-30
64        <meta-data
64-->[:unityLibrary] AndroidManifest.xml:31:9-33:36
65            android:name="unity.splash-enable"
65-->[:unityLibrary] AndroidManifest.xml:32:13-47
66            android:value="True" />
66-->[:unityLibrary] AndroidManifest.xml:33:13-33
67        <meta-data
67-->[:unityLibrary] AndroidManifest.xml:34:9-36:36
68            android:name="unity.launch-fullscreen"
68-->[:unityLibrary] AndroidManifest.xml:35:13-51
69            android:value="True" />
69-->[:unityLibrary] AndroidManifest.xml:36:13-33
70        <meta-data
70-->[:unityLibrary] AndroidManifest.xml:37:9-39:36
71            android:name="unity.render-outside-safearea"
71-->[:unityLibrary] AndroidManifest.xml:38:13-57
72            android:value="True" />
72-->[:unityLibrary] AndroidManifest.xml:39:13-33
73        <meta-data
73-->[:unityLibrary] AndroidManifest.xml:40:9-42:50
74            android:name="notch.config"
74-->[:unityLibrary] AndroidManifest.xml:41:13-40
75            android:value="portrait|landscape" />
75-->[:unityLibrary] AndroidManifest.xml:42:13-47
76        <meta-data
76-->[:unityLibrary] AndroidManifest.xml:43:9-45:36
77            android:name="unity.auto-report-fully-drawn"
77-->[:unityLibrary] AndroidManifest.xml:44:13-57
78            android:value="true" />
78-->[:unityLibrary] AndroidManifest.xml:45:13-33
79        <meta-data
79-->[:unityLibrary] AndroidManifest.xml:46:9-48:36
80            android:name="unity.strip-engine-code"
80-->[:unityLibrary] AndroidManifest.xml:47:13-51
81            android:value="true" />
81-->[:unityLibrary] AndroidManifest.xml:48:13-33
82        <meta-data
82-->[:unityLibrary] AndroidManifest.xml:49:9-51:36
83            android:name="unity.auto-set-game-state"
83-->[:unityLibrary] AndroidManifest.xml:50:13-53
84            android:value="true" />
84-->[:unityLibrary] AndroidManifest.xml:51:13-33
85
86        <activity
86-->[:unityLibrary] AndroidManifest.xml:53:9-88:20
87            android:name="com.unity3d.player.UnityPlayerGameActivity"
87-->[:unityLibrary] AndroidManifest.xml:54:13-70
88            android:configChanges="mcc|mnc|locale|touchscreen|keyboard|keyboardHidden|navigation|orientation|screenLayout|uiMode|screenSize|smallestScreenSize|fontScale|layoutDirection|density"
88-->[:unityLibrary] AndroidManifest.xml:55:13-194
89            android:enabled="true"
89-->[:unityLibrary] AndroidManifest.xml:56:13-35
90            android:exported="true"
90-->[:unityLibrary] AndroidManifest.xml:57:13-36
91            android:hardwareAccelerated="false"
91-->[:unityLibrary] AndroidManifest.xml:58:13-48
92            android:launchMode="singleTask"
92-->[:unityLibrary] AndroidManifest.xml:59:13-44
93            android:resizeableActivity="true"
93-->[:unityLibrary] AndroidManifest.xml:60:13-46
94            android:screenOrientation="fullUser"
94-->[:unityLibrary] AndroidManifest.xml:61:13-49
95            android:theme="@style/BaseUnityGameActivityTheme" >
95-->[:unityLibrary] AndroidManifest.xml:62:13-62
96            <intent-filter>
96-->[:unityLibrary] AndroidManifest.xml:63:13-67:29
97                <category android:name="android.intent.category.LAUNCHER" />
97-->[:unityLibrary] AndroidManifest.xml:64:17-77
97-->[:unityLibrary] AndroidManifest.xml:64:27-74
98
99                <action android:name="android.intent.action.MAIN" />
99-->[:unityLibrary] AndroidManifest.xml:66:17-69
99-->[:unityLibrary] AndroidManifest.xml:66:25-66
100            </intent-filter>
101
102            <meta-data
102-->[:unityLibrary] AndroidManifest.xml:69:13-71:40
103                android:name="unityplayer.UnityActivity"
103-->[:unityLibrary] AndroidManifest.xml:70:17-57
104                android:value="true" />
104-->[:unityLibrary] AndroidManifest.xml:71:17-37
105            <meta-data
105-->[:unityLibrary] AndroidManifest.xml:72:13-74:40
106                android:name="android.app.lib_name"
106-->[:unityLibrary] AndroidManifest.xml:73:17-52
107                android:value="game" />
107-->[:unityLibrary] AndroidManifest.xml:74:17-37
108            <meta-data
108-->[:unityLibrary] AndroidManifest.xml:75:13-77:71
109                android:name="WindowManagerPreference:FreeformWindowSize"
109-->[:unityLibrary] AndroidManifest.xml:76:17-74
110                android:value="@string/FreeformWindowSize_maximize" />
110-->[:unityLibrary] AndroidManifest.xml:77:17-68
111            <meta-data
111-->[:unityLibrary] AndroidManifest.xml:78:13-80:79
112                android:name="WindowManagerPreference:FreeformWindowOrientation"
112-->[:unityLibrary] AndroidManifest.xml:79:17-81
113                android:value="@string/FreeformWindowOrientation_landscape" />
113-->[:unityLibrary] AndroidManifest.xml:80:17-76
114            <meta-data
114-->[:unityLibrary] AndroidManifest.xml:81:13-83:40
115                android:name="notch_support"
115-->[:unityLibrary] AndroidManifest.xml:82:17-45
116                android:value="true" />
116-->[:unityLibrary] AndroidManifest.xml:83:17-37
117
118            <layout
118-->[:unityLibrary] AndroidManifest.xml:85:13-87:44
119                android:minHeight="300px"
119-->[:unityLibrary] AndroidManifest.xml:86:17-42
120                android:minWidth="400px" />
120-->[:unityLibrary] AndroidManifest.xml:87:17-41
121        </activity>
122
123        <meta-data
123-->[com.android.billingclient:billing:8.0.0] AndroidManifest.xml:22:9-24:37
124            android:name="com.google.android.play.billingclient.version"
124-->[com.android.billingclient:billing:8.0.0] AndroidManifest.xml:23:13-73
125            android:value="8.0.0" />
125-->[com.android.billingclient:billing:8.0.0] AndroidManifest.xml:24:13-34
126
127        <activity
127-->[com.android.billingclient:billing:8.0.0] AndroidManifest.xml:26:9-30:75
128            android:name="com.android.billingclient.api.ProxyBillingActivity"
128-->[com.android.billingclient:billing:8.0.0] AndroidManifest.xml:27:13-78
129            android:configChanges="keyboard|keyboardHidden|screenLayout|screenSize|orientation"
129-->[com.android.billingclient:billing:8.0.0] AndroidManifest.xml:28:13-96
130            android:exported="false"
130-->[com.android.billingclient:billing:8.0.0] AndroidManifest.xml:29:13-37
131            android:theme="@android:style/Theme.Translucent.NoTitleBar" />
131-->[com.android.billingclient:billing:8.0.0] AndroidManifest.xml:30:13-72
132        <activity
132-->[com.android.billingclient:billing:8.0.0] AndroidManifest.xml:31:9-35:75
133            android:name="com.android.billingclient.api.ProxyBillingActivityV2"
133-->[com.android.billingclient:billing:8.0.0] AndroidManifest.xml:32:13-80
134            android:configChanges="keyboard|keyboardHidden|screenLayout|screenSize|orientation"
134-->[com.android.billingclient:billing:8.0.0] AndroidManifest.xml:33:13-96
135            android:exported="false"
135-->[com.android.billingclient:billing:8.0.0] AndroidManifest.xml:34:13-37
136            android:theme="@android:style/Theme.Translucent.NoTitleBar" />
136-->[com.android.billingclient:billing:8.0.0] AndroidManifest.xml:35:13-72
137        <activity
137-->[com.google.android.gms:play-services-base:18.5.0] AndroidManifest.xml:5:9-173
138            android:name="com.google.android.gms.common.api.GoogleApiActivity"
138-->[com.google.android.gms:play-services-base:18.5.0] AndroidManifest.xml:5:19-85
139            android:exported="false"
139-->[com.google.android.gms:play-services-base:18.5.0] AndroidManifest.xml:5:146-170
140            android:theme="@android:style/Theme.Translucent.NoTitleBar" />
140-->[com.google.android.gms:play-services-base:18.5.0] AndroidManifest.xml:5:86-145
141
142        <meta-data
142-->[com.google.android.gms:play-services-basement:18.4.0] AndroidManifest.xml:6:9-122
143            android:name="com.google.android.gms.version"
143-->[com.google.android.gms:play-services-basement:18.4.0] AndroidManifest.xml:6:20-65
144            android:value="@integer/google_play_services_version" />
144-->[com.google.android.gms:play-services-basement:18.4.0] AndroidManifest.xml:6:66-119
145
146        <provider
146-->[androidx.emoji2:emoji2:1.2.0] AndroidManifest.xml:24:9-32:20
147            android:name="androidx.startup.InitializationProvider"
147-->[androidx.emoji2:emoji2:1.2.0] AndroidManifest.xml:25:13-67
148            android:authorities="com.DefaultCompany.Myproject.androidx-startup"
148-->[androidx.emoji2:emoji2:1.2.0] AndroidManifest.xml:26:13-68
149            android:exported="false" >
149-->[androidx.emoji2:emoji2:1.2.0] AndroidManifest.xml:27:13-37
150            <meta-data
150-->[androidx.emoji2:emoji2:1.2.0] AndroidManifest.xml:29:13-31:52
151                android:name="androidx.emoji2.text.EmojiCompatInitializer"
151-->[androidx.emoji2:emoji2:1.2.0] AndroidManifest.xml:30:17-75
152                android:value="androidx.startup" />
152-->[androidx.emoji2:emoji2:1.2.0] AndroidManifest.xml:31:17-49
153            <meta-data
153-->[androidx.lifecycle:lifecycle-process:2.4.1] AndroidManifest.xml:31:13-33:52
154                android:name="androidx.lifecycle.ProcessLifecycleInitializer"
154-->[androidx.lifecycle:lifecycle-process:2.4.1] AndroidManifest.xml:32:17-78
155                android:value="androidx.startup" />
155-->[androidx.lifecycle:lifecycle-process:2.4.1] AndroidManifest.xml:33:17-49
156        </provider>
157
158        <service
158-->[com.google.android.datatransport:transport-backend-cct:3.1.8] AndroidManifest.xml:28:9-34:19
159            android:name="com.google.android.datatransport.runtime.backends.TransportBackendDiscovery"
159-->[com.google.android.datatransport:transport-backend-cct:3.1.8] AndroidManifest.xml:29:13-103
160            android:exported="false" >
160-->[com.google.android.datatransport:transport-backend-cct:3.1.8] AndroidManifest.xml:30:13-37
161            <meta-data
161-->[com.google.android.datatransport:transport-backend-cct:3.1.8] AndroidManifest.xml:31:13-33:39
162                android:name="backend:com.google.android.datatransport.cct.CctBackendFactory"
162-->[com.google.android.datatransport:transport-backend-cct:3.1.8] AndroidManifest.xml:32:17-94
163                android:value="cct" />
163-->[com.google.android.datatransport:transport-backend-cct:3.1.8] AndroidManifest.xml:33:17-36
164        </service>
165        <service
165-->[com.google.android.datatransport:transport-runtime:3.1.8] AndroidManifest.xml:26:9-30:19
166            android:name="com.google.android.datatransport.runtime.scheduling.jobscheduling.JobInfoSchedulerService"
166-->[com.google.android.datatransport:transport-runtime:3.1.8] AndroidManifest.xml:27:13-117
167            android:exported="false"
167-->[com.google.android.datatransport:transport-runtime:3.1.8] AndroidManifest.xml:28:13-37
168            android:permission="android.permission.BIND_JOB_SERVICE" >
168-->[com.google.android.datatransport:transport-runtime:3.1.8] AndroidManifest.xml:29:13-69
169        </service>
170
171        <receiver
171-->[com.google.android.datatransport:transport-runtime:3.1.8] AndroidManifest.xml:32:9-34:40
172            android:name="com.google.android.datatransport.runtime.scheduling.jobscheduling.AlarmManagerSchedulerBroadcastReceiver"
172-->[com.google.android.datatransport:transport-runtime:3.1.8] AndroidManifest.xml:33:13-132
173            android:exported="false" />
173-->[com.google.android.datatransport:transport-runtime:3.1.8] AndroidManifest.xml:34:13-37
174    </application>
175
176</manifest>